C51 COMPILER V9.59.0.0   ADC                                                               02/10/2023 11:21:42 PAGE 1   


C51 COMPILER V9.59.0.0, COMPILATION OF MODULE ADC
OBJECT MODULE PLACED IN .\Objects\adc.obj
COMPILER INVOKED BY: C:\Keil_C51\C51\BIN\C51.EXE src\adc.c OMF2 OPTIMIZE(8,SPEED) BROWSE DEBUG PRINT(.\Listings\adc.lst)
                    - TABS(2) OBJECT(.\Objects\adc.obj)

line level    source

   1          /*---------------------------------------------------------------------*/
   2          /* --- STC MCU Limited ------------------------------------------------*/
   3          /* --- STC 1T Series MCU Demo Programme -------------------------------*/
   4          /* --- Mobile: (86)13922805190 ----------------------------------------*/
   5          /* --- Fax: 86-0513-55012956,55012947,55012969 ------------------------*/
   6          /* --- Tel: 86-0513-55012928,55012929,55012966 ------------------------*/
   7          /* --- Web: www.STCMCU.com --------------------------------------------*/
   8          /* --- Web: www.STCMCUDATA.com  ---------------------------------------*/
   9          /* --- QQ:  800003751 -------------------------------------------------*/
  10          /* 如果要在程序中使用此代码,请在程序中注明使用了STC的资料及程序            */
  11          /*---------------------------------------------------------------------*/
  12          
  13          #include  "adc.h"
*** WARNING C318 IN LINE 16 OF src\adc.h: can't open file 'config.h'
*** ERROR C141 IN LINE 75 OF src\adc.h: syntax error near 'u8', expected 'bit'
*** ERROR C129 IN LINE 75 OF src\adc.h: missing ';' before 'ADC_SMPduty'
  14          
  15          
  16          //========================================================================
  17          // 函数: void ADC_Inilize(ADC_InitTypeDef *ADCx)
  18          // 描述: ADC初始化程序.
  19          // 参数: ADCx: 结构参数,请参考adc.h里的定义.
  20          // 返回: none.
  21          // 版本: V1.0, 2012-10-22
  22          //========================================================================
  23          void  ADC_Inilize(ADC_InitTypeDef *ADCx)
  24          {
  25            ADCCFG = (ADCCFG & ~ADC_SPEED_2X16T) | ADCx->ADC_Speed;
  26            if(ADCx->ADC_Power == ENABLE) ADC_CONTR |= 0x80;
  27            else              ADC_CONTR &= 0x7F;
  28            if(ADCx->ADC_AdjResult == ADC_RIGHT_JUSTIFIED)  ADCCFG |=  (1<<5);  //AD转换结果右对齐。
  29            else                  ADCCFG &= ~(1<<5);  //AD转换结果左对齐。 
  30            if(ADCx->ADC_Interrupt == ENABLE) EADC = 1;     //中断允许    ENABLE,DISABLE
  31            else                EADC = 0;
  32            if(ADCx->ADC_Polity > Polity_3) return; //错误
  33            ADC_Polity(ADCx->ADC_Polity); //指定中断优先级(低到高) Polity_0,Polity_1,Polity_2,Polity_3
  34          
  35            if(ADCx->ADC_SMPduty > 31)  return; //错误
  36            if(ADCx->ADC_CsSetup > 1) return; //错误
  37            if(ADCx->ADC_CsHold > 3)  return; //错误
  38            P_SW2 |= 0x80;
  39            ADCTIM = (ADCx->ADC_CsSetup << 7) | (ADCx->ADC_CsHold << 5) | ADCx->ADC_SMPduty ;   //设置 ADC 内部时序，A
             -DC采样时间建议设最大值
  40            P_SW2 &= 0x7f;
  41          }
  42          
  43          
  44          //========================================================================
  45          // 函数: void ADC_PowerControl(u8 pwr)
  46          // 描述: ADC电源控制程序.
  47          // 参数: pwr: 电源控制,ENABLE或DISABLE.
  48          // 返回: none.
  49          // 版本: V1.0, 2012-10-22
  50          //========================================================================
C51 COMPILER V9.59.0.0   ADC                                                               02/10/2023 11:21:42 PAGE 2   

  51          void  ADC_PowerControl(u8 pwr)
  52          {
  53            if(pwr == ENABLE) ADC_CONTR |= 0x80;
  54            else        ADC_CONTR &= 0x7f;
  55          }
  56          
  57          //========================================================================
  58          // 函数: u16  Get_ADCResult(u8 channel)
  59          // 描述: 查询法读一次ADC结果.
  60          // 参数: channel: 选择要转换的ADC.
  61          // 返回: ADC结果.
  62          // 版本: V1.0, 2012-10-22
  63          //========================================================================
  64          u16 Get_ADCResult(u8 channel) //channel = 0~15
  65          {
  66            u16 adc;
  67            u8  i;
  68          
  69            if(channel > ADC_CH15)  return  4096; //错误,返回4096,调用的程序判断  
  70            ADC_RES = 0;
  71            ADC_RESL = 0;
  72          
  73            ADC_CONTR = (ADC_CONTR & 0xf0) | ADC_START | channel; 
  74            NOP(4);     //对ADC_CONTR操作后要4T之后才能访问
  75          
  76            for(i=0; i<250; i++)    //超时
  77            {
  78              if(ADC_CONTR & ADC_FLAG)
  79              {
  80                ADC_CONTR &= ~ADC_FLAG;
  81                if(ADCCFG &  (1<<5))    //转换结果右对齐。 
  82                {
  83                  adc = ((u16)ADC_RES << 8) | ADC_RESL;
  84                }
  85                else    //转换结果左对齐。 
  86                {
  87                  #if ADC_RES_12BIT==1
  88                    adc = (u16)ADC_RES;
  89                    adc = (adc << 4) | ((ADC_RESL >> 4)&0x0f);
  90                  #else
                        adc = (u16)ADC_RES;
                        adc = (adc << 2) | ((ADC_RESL >> 6)&0x03);
                      #endif
  94                }
  95                return  adc;
  96              }
  97            }
  98            return  4096; //错误,返回4096,调用的程序判断
  99          }
 100          
 101          
 102          //========================================================================
 103          // 函数: void ADC_int(void) interrupt ADC_VECTOR
 104          // 描述: ADC中断函数.
 105          // 参数: none.
 106          // 返回: none.
 107          // 版本: V1.0, 2012-10-22
 108          //========================================================================
 109          void ADC_int (void) interrupt ADC_VECTOR
 110          {
 111            ADC_CONTR &= ~ADC_FLAG;
 112          }
C51 COMPILER V9.59.0.0   ADC                                                               02/10/2023 11:21:42 PAGE 3   

 113          
 114          

C51 COMPILATION COMPLETE.  1 WARNING(S),  2 ERROR(S)
