C51 COMPILER V9.59.0.0   STC8G_H_ADC_ISR                                                   02/10/2023 11:23:32 PAGE 1   


C51 COMPILER V9.59.0.0, COMPILATION OF MODULE STC8G_H_ADC_ISR
OBJECT MODULE PLACED IN .\Objects\STC8G_H_ADC_Isr.obj
COMPILER INVOKED BY: C:\Keil_C51\C51\BIN\C51.EXE Driver\isr\STC8G_H_ADC_Isr.c OMF2 OPTIMIZE(8,SPEED) BROWSE INCDIR(.\src
                    -;.\Driver\inc;.\Driver\src) DEBUG PRINT(.\Listings\STC8G_H_ADC_Isr.lst) TABS(2) OBJECT(.\Objects\STC8G_H_ADC_Isr.obj)

line level    source

   1          /*---------------------------------------------------------------------*/
   2          /* --- STC MCU Limited ------------------------------------------------*/
   3          /* --- STC 1T Series MCU Demo Programme -------------------------------*/
   4          /* --- Mobile: (86)13922805190 ----------------------------------------*/
   5          /* --- Fax: 86-0513-55012956,55012947,55012969 ------------------------*/
   6          /* --- Tel: 86-0513-55012928,55012929,55012966 ------------------------*/
   7          /* --- Web: www.STCMCU.com --------------------------------------------*/
   8          /* --- Web: www.STCMCUDATA.com  ---------------------------------------*/
   9          /* --- QQ:  800003751 -------------------------------------------------*/
  10          /* 如果要在程序中使用此代码,请在程序中注明使用了STC的资料及程序            */
  11          /*---------------------------------------------------------------------*/
  12          
  13          #include  "STC8G_H_ADC.h"
  14          
  15          //========================================================================
  16          // 函数: ADC_ISR_Handler
  17          // 描述: ADC中断函数.
  18          // 参数: none.
  19          // 返回: none.
  20          // 版本: V1.0, 2020-09-23
  21          //========================================================================
  22          void ADC_ISR_Handler (void) interrupt ADC_VECTOR
  23          {
  24   1        ADC_CONTR &= ~ADC_FLAG;     //清除中断标志
  25   1        
  26   1        // TODO: 在此处添加用户代码
  27   1        
  28   1      }
  29          
  30          


MODULE INFORMATION:   STATIC OVERLAYABLE
   CODE SIZE        =      7    ----
   CONSTANT SIZE    =   ----    ----
   XDATA SIZE       =   ----    ----
   PDATA SIZE       =   ----    ----
   DATA SIZE        =   ----    ----
   IDATA SIZE       =   ----    ----
   BIT SIZE         =   ----    ----
   EDATA SIZE       =   ----    ----
   HDATA SIZE       =   ----    ----
   XDATA CONST SIZE =   ----    ----
   FAR CONST SIZE   =   ----    ----
END OF MODULE INFORMATION.


C51 COMPILATION COMPLETE.  0 WARNING(S),  0 ERROR(S)
