C51 COMPILER V9.59.0.0   STC8G_H_WDT                                                       09/20/2022 14:16:17 PAGE 1   


C51 COMPILER V9.59.0.0, COMPILATION OF MODULE STC8G_H_WDT
OBJECT MODULE PLACED IN .\Objects\STC8G_H_WDT.obj
COMPILER INVOKED BY: C:\Keil_C51_v5\C51\BIN\C51.EXE Driver\src\STC8G_H_WDT.c OMF2 OPTIMIZE(8,SPEED) BROWSE INCDIR(.\src;
                    -.\Driver\inc) DEBUG PRINT(.\Listings\STC8G_H_WDT.lst) TABS(2) OBJECT(.\Objects\STC8G_H_WDT.obj)

line level    source

   1          /*---------------------------------------------------------------------*/
   2          /* --- STC MCU Limited ------------------------------------------------*/
   3          /* --- STC 1T Series MCU Demo Programme -------------------------------*/
   4          /* --- Mobile: (86)13922805190 ----------------------------------------*/
   5          /* --- Fax: 86-0513-55012956,55012947,55012969 ------------------------*/
   6          /* --- Tel: 86-0513-55012928,55012929,55012966 ------------------------*/
   7          /* --- Web: www.STCMCU.com --------------------------------------------*/
   8          /* --- Web: www.STCMCUDATA.com  ---------------------------------------*/
   9          /* --- QQ:  800003751 -------------------------------------------------*/
  10          /* 如果要在程序中使用此代码,请在程序中注明使用了STC的资料及程序            */
  11          /*---------------------------------------------------------------------*/
  12          
  13          #include  "STC8G_H_WDT.h"
  14          
  15          //========================================================================
  16          // 函数: void WDT_Inilize(WDT_InitTypeDef *WDT)
  17          // 描述: 看门狗初始化程序.
  18          // 参数: WDT: 结构参数,请参考WDT.h里的定义.
  19          // 返回: none.
  20          // 版本: V1.0, 2020-09-16
  21          //========================================================================
  22          void WDT_Inilize(WDT_InitTypeDef *WDT)
  23          {
  24   1        #if 0
                if(WDT->WDT_Enable == ENABLE)   WDT_CONTR = D_EN_WDT; //使能看门狗
              
                WDT_PS_Set(WDT->WDT_PS);  //看门狗定时器时钟分频系数    WDT_SCALE_2,WDT_SCALE_4,WDT_SCALE_8,WDT_SCALE_16,WDT
             -_SCALE_32,WDT_SCALE_64,WDT_SCALE_128,WDT_SCALE_256
                if(WDT->WDT_IDLE_Mode == WDT_IDLE_STOP) WDT_CONTR &= ~0x08; //IDLE模式停止计数
                else                  WDT_CONTR |= 0x08;  //IDLE模式继续计数
                #endif
  31   1        WDT_CONTR = 0x23; //使能看门狗,溢出时间约为 0.5s
  32   1        // WDT_CONTR = 0x24; //使能看门狗,溢出时间约为 1s
  33   1        // WDT_CONTR = 0x27; //使能看门狗,溢出时间约为 8s
  34   1      }
*** WARNING C280 IN LINE 22 OF Driver\src\STC8G_H_WDT.c: 'WDT': unreferenced local variable
  35          
  36          /********************* 清除看门狗函数 *************************/
  37          void WDT_Clear (void)
  38          {
  39   1        WDT_CONTR |= D_CLR_WDT;    // 喂狗
  40   1      }


MODULE INFORMATION:   STATIC OVERLAYABLE
   CODE SIZE        =     14    ----
   CONSTANT SIZE    =   ----    ----
   XDATA SIZE       =   ----    ----
   PDATA SIZE       =   ----    ----
   DATA SIZE        =   ----       3
   IDATA SIZE       =   ----    ----
   BIT SIZE         =   ----    ----
   EDATA SIZE       =   ----    ----
   HDATA SIZE       =   ----    ----
C51 COMPILER V9.59.0.0   STC8G_H_WDT                                                       09/20/2022 14:16:17 PAGE 2   

   XDATA CONST SIZE =   ----    ----
   FAR CONST SIZE   =   ----    ----
END OF MODULE INFORMATION.


C51 COMPILATION COMPLETE.  1 WARNING(S),  0 ERROR(S)
