C51 COMPILER V9.59.0.0   STC8G1K_CODE                                                      09/20/2022 14:16:16 PAGE 1   


C51 COMPILER V9.59.0.0, COMPILATION OF MODULE STC8G1K_CODE
OBJECT MODULE PLACED IN .\Objects\stc8g1k_code.obj
COMPILER INVOKED BY: C:\Keil_C51_v5\C51\BIN\C51.EXE src\stc8g1k_code.c OMF2 OPTIMIZE(8,SPEED) BROWSE INCDIR(.\src;.\Driv
                    -er\inc) DEBUG PRINT(.\Listings\stc8g1k_code.lst) TABS(2) OBJECT(.\Objects\stc8g1k_code.obj)

line level    source

   1          /*******************功能描述*******************
   2          触摸功能
   3          
   4          1、第一次触摸继电器1 (PCB板最边上这个继电器)接通220V电源。
   5          
   6          2、第二次触摸继电器1 (PCB板最边上这个继电器)断开，继电器2 (PCB板中间继电器)
             -通220V电源。
   7          
   8          3、第三次触摸继电器1 、摸继电器2 都接通220V电源。
   9          
  10          4、第四次触摸又回到第一次触摸实现的功能，只有(PCB板最边上这个继电器)接通2
             -20V电源。
  11          ************************************************/
  12          
  13          #include  "stc8g1k_code.h"    
  14          #include  "STC8xxxx.h"  
  15          #include  "STC8G_H_GPIO.h"
  16          #include  "STC8G_H_ADC.h"
  17          #include  "STC8G_H_NVIC.h"
  18          #include  "string.h"
  19          #include  "global.h"
  20          
  21          #define   IR_ONOFF_BUTTON     0x1B    //红外摇控板开关键值
  22          #define   IR_LIGHT_BUTTON     0xBB    //红外摇控板加热丝档位调整键值
  23          
  24          #define   DELAY1_OFF     P37=0    
  25          #define   DELAY2_OFF     P10=0 
  26          #define   DELAY1_ON      P37=1
  27          #define   DELAY2_ON      P10=1 
  28          #define   TOUCH_PIN      P34
  29          
  30          #define   BUTTON_VALUE_MAX   4    //最大档位, 其实只有3档
  31          #define   TIMER_LENGTH_MAX   16   //这时定时8小时，步长0.5小时
  32          
  33          
  34          
  35          #ifdef    UART_ENABLE
              #include  "uart.h"
              #endif
  38          
  39          #define  IR_DATA_BUFFER_SIZE  10
  40           
  41          
  42          //数据定义
  43          bit IR_Flag=0;    //红外数据接收完成标志位
  44          u8 IR_time=0;   //下降沿之间的时间计数值
  45          u8 IR_data[9];    //引导码+8个位数据各自占用的时间
  46          
  47          //bit IR_TimeFlag;            //红外发射延时到标志
  48          //unsigned char count;        //280us
  49          
  50          u16 Touch_time;     //触摸计时器
  51          bit Touch_flag=0;     //触摸IC输出标志
  52          bit touch_preFlag=0; //上次触摸IC输出标志
C51 COMPILER V9.59.0.0   STC8G1K_CODE                                                      09/20/2022 14:16:16 PAGE 2   

  53          bit timeFunFlag;    //定时功能标志
  54          bit sysFunFlag;     //系统功能标志
  55          
  56          bit edgeFlag = 0;   //红外管接收脚边沿标识
  57          bit IR_data_deal_flag=0; //红外管接收到数据待处理标志
  58          static u8 IR_bit;   //变量IR_bit用于指示红外数据的位数
  59          static u8 btn_value=0; //红外按键键值寄存器
  60          u32 time_cnt=0;     //定时计数器 计数单位1s
  61          u8 secFlag=0;       //秒标志
  62          u8 IR_count = 0;    //红外管接收到数据后延时计数器--250ms
  63          u8 IRdata_len = 0; //红外管接收到数据长度
  64          u8 IRdata[IR_DATA_BUFFER_SIZE];
  65          
  66           
  67          //函数声明
  68          void delay(u16 count);    //延时函数声明
  69          static void Timer0Init(void);   //定时计数器0初始化函数
  70          static void Timer1Init(void);   //定时计数器1初始化函数
  71          static void Int0_init(void);    //外部中断0初始化函数
  72          static u8 IR_decode(void);      //红外解码函数
  73          static void gpio_config(void);
  74          static void IR_Data_deal(void);
  75          static void rdelay_acton_fun(u8 action_value);
  76          static  u8 touch_check(void);    //触摸检测
  77          static void touch_deal(void);    //触摸处理
  78          static u8  calculate_timer(u16 adValue);
  79          static u8  time_unit_compare(u8 delayTime);
  80          static void ADC_config(void);
  81          static void  timer_deal(void);
  82          static void Int1_init(void);
  83          
  84          //-------------------------主函数----------------------------
  85          void main(void)
  86          {
  87   1        u8 num=0;     
  88   1        #if   0
                //STC8G系列单片机除P3.0和P3.1外，所有I/O上电均为高阻输入状态，需先配置再使用
                P3M0 |=0x08;    //P3.3引脚为推挽输出模式
                P3M1 &=0xF7;    //P3.3引脚为推挽输出模式
                RSTCFG &=0xEF;    //复位引脚P5.4当做普通I/O引脚
                P5M0 |=0x10;    //P5.4引脚为推挽输出模式
                P5M1 &=0xEF;    //P5.4引脚为推挽输出模式
                P5M0 &=0xDF;    //P5.5引脚为准双向口模式
                P5M1 &=0xDF;    //P5.5引脚为准双向口模式
                #endif
  98   1        
  99   1        
 100   1        gpio_config();
 101   1        EA = 1;         //开中断
 102   1        #ifdef  ADC_TIMER_ENABLE  
                ADC_config();
                #endif
 105   1        Timer0Init();   //定时计数器0初始化函数
 106   1        Timer1Init();   //定时计数器1初始化函数
 107   1        Int1_init();    //外部中断1初始化函数  红外输出脚  //触摸IC输出脚
 108   1        //Int0_init();    //外部中断0初始化函数 
 109   1        //Int3_init();    //外部中断3初始化函数  
 110   1        
 111   1        #ifdef UART_ENABLE
                UartInit();
                PrintString1("STC8:\r\n");    //UART1发送一个字符串
                #endif  
C51 COMPILER V9.59.0.0   STC8G1K_CODE                                                      09/20/2022 14:16:16 PAGE 3   

 115   1        delay(1000);      //等待配置稳定
 116   1      
 117   1      
 118   1        while(1)
 119   1        { 
 120   2        
 121   2          if(IR_Flag)       //红外数据接收完成
 122   2          {
 123   3            IR_Flag=0; 
 124   3            IR_count =0;
 125   3            IR_data_deal_flag=1;
 126   3            IRdata[IRdata_len++] = IR_decode();
 127   3            if(IRdata_len >= IR_DATA_BUFFER_SIZE) 
 128   3                IRdata_len=0;       
 129   3          }
 130   2          else
 131   2          {
 132   3            //250ms 后处理数据
 133   3            if(IR_count > 1 && IR_data_deal_flag) //250ms 
 134   3            {   
 135   4              IR_data_deal_flag=0;
 136   4              
 137   4              #ifdef UART_ENABLE
                      for(num=0;num<IRdata_len ;num++)
                        TX1_write2buff(IRdata[num]);
                      #endif
 141   4              
 142   4              IR_Data_deal();
 143   4            }
 144   3          }
 145   2          if(touch_check())  //触摸检测
 146   2          {
 147   3             sysFunFlag = 1;
 148   3          }
 149   2          touch_deal();
 150   2      #ifdef  ADC_TIMER_ENABLE  
                  if((secFlag==1) && (sysFunFlag==1))  //1秒 ADC一次
                  {
                      secFlag = 0;
                      timer_deal();
                  }
              #endif  
 157   2        }
 158   1      }
 159          static void gpio_config(void)
 160          {
 161   1        /*
 162   1          GPIO_InitTypeDef  GPIO_InitStructure;   //结构定义
 163   1      
 164   1          GPIO_InitStructure.Pin  = GPIO_Pin_0 | GPIO_Pin_1;    //指定要初始化的IO, GPIO_Pin_0 ~ GPIO_Pin_7
 165   1          GPIO_InitStructure.Mode = GPIO_PullUp;  //指定IO的输入或输出方式,GPIO_PullUp,GPIO_HighZ,GPIO_OU
             -T_OD,GPIO_OUT_PP
 166   1          GPIO_Inilize(GPIO_P3,&GPIO_InitStructure);  //初始化
 167   1        */
 168   1      
 169   1         P3_PULL_UP_ENABLE(GPIO_Pin_0 | GPIO_Pin_1);//      
 170   1         //P3_PULL_UP_ENABLE(GPIO_Pin_1);//
 171   1        
 172   1         P1_MODE_OUT_PP(GPIO_Pin_0);   //推挽输出P1.0 控制中间第二个继电器
 173   1         P3_MODE_OUT_PP(GPIO_Pin_6 |GPIO_Pin_7);   //推挽输出P3.7 控制边上第一个继电器  //推挽输
             -出P3.6 红外管触摸IC 小板电源控制
 174   1        
C51 COMPILER V9.59.0.0   STC8G1K_CODE                                                      09/20/2022 14:16:16 PAGE 4   

 175   1         //P3_MODE_OUT_PP(GPIO_Pin_6);   //推挽输出P3.6 红外管触摸IC 小板电源控制
 176   1         P3_MODE_IN_HIZ(GPIO_Pin_3 | GPIO_Pin_4);   //施密特触发使能P3.3 连接触摸IC输出脚
 177   1         //P3_MODE_IN_HIZ(GPIO_Pin_4);   //施密特触发使能P3.4 连接红外管接收脚
 178   1        
 179   1         DELAY1_OFF;   
 180   1         DELAY2_OFF; 
 181   1         P36 = 0; 
 182   1      }
 183          
 184          /*************触摸功能*********************/
 185          static  u8 touch_check(void)
 186          {   //触摸输出检测   无触摸时高电平，有触摸时低电平时长大于300ms
 187   1          if(TOUCH_PIN == 0)
 188   1          {
 189   2               if(Touch_flag) 
 190   2                 Touch_time = 0;
 191   2               else if(Touch_time > 500)  //139微秒 *500 = 69.5ms
 192   2               {
 193   3                    Touch_time = 0;
 194   3                    Touch_flag = 1; 
 195   3                    
 196   3                    return 1;
 197   3               } 
 198   2          }
 199   1          else 
 200   1          {
 201   2              if(Touch_flag)
 202   2              {
 203   3                  if(Touch_time > 2000)  //139微秒 *2000 = 279.5ms
 204   3                  {
 205   4                     Touch_time=0;
 206   4                     Touch_flag = 0;
 207   4                    
 208   4                  }
 209   3              }
 210   2              else Touch_time=0;
 211   2                  
 212   2          }
 213   1          return 0;
 214   1      }
 215          
 216          static void touch_deal(void)
 217          {
 218   1         if(Touch_flag)
 219   1         {
 220   2            if(!touch_preFlag)
 221   2            {
 222   3                touch_preFlag = 1;
 223   3                btn_value++;
 224   3                
 225   3                if(btn_value >= BUTTON_VALUE_MAX)
 226   3                    btn_value = 1;        
 227   3                rdelay_acton_fun(btn_value);  
 228   3            }
 229   2         }
 230   1         else 
 231   1         {
 232   2            touch_preFlag = 0;  
 233   2         }
 234   1      }
 235          
 236          //-------------------------延时函数----------------------------
C51 COMPILER V9.59.0.0   STC8G1K_CODE                                                      09/20/2022 14:16:16 PAGE 5   

 237          void delay(u16 count)
 238          {
 239   1        while(count--)
 240   1        {
 241   2          _nop_();
 242   2        }
 243   1      }
 244          #ifdef  ADC_TIMER_ENABLE  
              //-------------------------继电器定时关闭-----------------------
              static void  timer_deal(void)
              {
                  u16  ad_dat;
                  static u16  ad_pre=0xffff;
                  static u8  delay_time=0;
                
                  ad_dat = Get_ADCResult(ADC_CH13);  //读取ADC定时值
                
                  if(ad_dat == 4096)  return;   //出错
                  
                  if(ad_dat > 1024 / TIMER_LENGTH_MAX / 2)//定时功能开启
                  {     
                      if(ad_pre > ad_dat+15 || ad_pre < ad_dat-15)
                      {
                        ad_pre = ad_dat;
                        timeFunFlag = 1;  //定时功能开启
                        time_cnt = 0;   //定时计数器清零
                        
                        delay_time = calculate_timer(ad_dat); //计算出定时时长
                        
                      }
                  }
                  else
                      timeFunFlag = 0;   //定时功能关闭
                  
                  if(timeFunFlag)
                  { 
                    if(time_unit_compare(delay_time))  
                    {                     //定时时间到了
                        btn_value=0;
                        rdelay_acton_fun(0);
                        timeFunFlag = 0;  //定时功能关闭
                        sysFunFlag = 0;
                    
                    } 
                  }       
                      
              }
              static u8  time_unit_compare(u8 delayTime)
              {
                  u32 delay_T;
                
                  delay_T = delayTime*30*60;   //delayTime单位为半个小时 这里转化为秒
                   
                  if(time_cnt > delay_T)
                  {
                      time_cnt = 0; //定时计数清零
                      return 1;
                  }
                  return 0;
              }
              static u8  calculate_timer(u16 adValue)
              { 
C51 COMPILER V9.59.0.0   STC8G1K_CODE                                                      09/20/2022 14:16:16 PAGE 6   

                u8  timing_time=0;  //定时时长 单位1表小0.5小时
                u16 step_length = 1024 / TIMER_LENGTH_MAX; //这里计算定时步长对应的数值,当ADC值是低半
             -关闭定时功能,最高半步值时定时时长8个小时
                u16  half_length =  step_length/2;
                if(adValue < half_length)   //ADC数值小于32关闭定时
                     timing_time = 0;
                else if(adValue > 1024- half_length) //ADC数值大于1024-32=992定时8小时
                     timing_time = 16; //8 小时
                else
                  {    // 计算定时时长步长为0.5小时  每一步长对应ADC数值64
                    timing_time = adValue/step_length; 
                    //ADC数值<=32 故timing_time=0 定时长为0小时，
                    //32<ADC数值<=96 故timing_time=1 定时长为半小时，96<ADC数值<160 故timing_time=2 定时长
             -为1小时 .160<ADC数值<224 故timing_time=3 定时长为1.5小时 
                    //224<ADC数值<=288 故timing_time=4 定时长为2小时,288<ADC数值<352 故timing_time=5 定时长
             -2.5小时,352<ADC数值<416 故timing_time=6 定时长为3小时 
                    //416<ADC数值<=480 故timing_time=7 定时长为3.5小时480<ADC数值<544 故timing_time=8 定时长
             -为4小时 544<ADC数值<608 故timing_time=9 定时长为4.5小时 
                    //608<ADC数值<=672 故timing_time=10 定时长为5小时,672<ADC数值<736 故timing_time=11 定时
             -为5.5小时,736<ADC数值<800 故timing_time=12 定时长为6小时
                    //800<ADC数值<=864 故timing_time=13 定时长为6.5小时，864<ADC数值<928 故timing_time=14 
             -时长为7小时928<ADC数值<992 故timing_time=15 定时长为7.5小时 
                    //992<ADC数值<=1024 故timing_time=16 定时长为8小时.      
                    if(adValue % step_length  > half_length)
                         timing_time++;
                
                }
                  return timing_time;
              }
              //========================================================================
              static void ADC_config(void)
              {
                
                ADC_InitTypeDef   ADC_InitStructure;    //结构定义
                ADC_InitStructure.ADC_SMPduty   = 31;   //ADC 模拟信号采样时间控制, 0~31（注意： SMPDUTY 一
             -定不能设置小于 10）
                ADC_InitStructure.ADC_CsSetup   = 0;    //ADC 通道选择时间控制 0(默认),1
                ADC_InitStructure.ADC_CsHold    = 1;    //ADC 通道选择保持时间控制 0,1(默认),2,3
                ADC_InitStructure.ADC_Speed     = ADC_SPEED_2X1T;   //设置 ADC 工作时钟频率 ADC_SPEED_2X1T~ADC_SPE
             -ED_2X16T
                ADC_InitStructure.ADC_AdjResult = ADC_RIGHT_JUSTIFIED;  //ADC结果调整,  ADC_LEFT_JUSTIFIED,ADC_RIGHT_JU
             -STIFIED
                ADC_Inilize(&ADC_InitStructure);    //初始化
                ADC_PowerControl(ENABLE);           //ADC电源开关, ENABLE或DISABLE
                //NVIC_ADC_Init(DISABLE,Polity_0);    //中断使能, ENABLE/DISABLE; 优先级(低到高) Polity_0,Polity_
             -1,Polity_2,Polity_3
                
              }
              #endif  
 338          //-------------------红外接收数据处理-------------------------------
 339          static void IR_Data_deal(void)
 340          {
 341   1        u8 dat,i,light=0,onoff=0;
 342   1      
 343   1        for(i=0;i<IRdata_len;i++) 
 344   1        {
 345   2            if(IRdata[i]==IR_LIGHT_BUTTON)
 346   2               light++;
 347   2            else  if(IRdata[i]==IR_ONOFF_BUTTON)
 348   2               onoff++;
 349   2        }
 350   1        if(light > IRdata_len/2)
C51 COMPILER V9.59.0.0   STC8G1K_CODE                                                      09/20/2022 14:16:16 PAGE 7   

 351   1           dat = IR_LIGHT_BUTTON;
 352   1        else if(onoff > IRdata_len/2)
 353   1           dat = IR_ONOFF_BUTTON;
 354   1        memset(IRdata,0,IR_DATA_BUFFER_SIZE);
 355   1        IRdata_len = 0;
 356   1        
 357   1        switch(dat)//红外接收正确
 358   1        {
 359   2          case  IR_LIGHT_BUTTON:   //灯档位调节键
 360   2              if(sysFunFlag==1)
 361   2              {
 362   3                 btn_value++;
 363   3                 if(btn_value >= BUTTON_VALUE_MAX)
 364   3                   btn_value = 1;
 365   3              }
 366   2          break;
 367   2          case  IR_ONOFF_BUTTON:  //电源开关键
 368   2               if(sysFunFlag==1)
 369   2               {
 370   3                   sysFunFlag = 0;
 371   3                   btn_value = 0;
 372   3               }
 373   2               else
 374   2               {
 375   3                   sysFunFlag = 1;
 376   3                   btn_value = 1;
 377   3               }
 378   2               time_cnt=0;    //电源键动作则清零定时计数器        
 379   2          break;  
 380   2          default:
 381   2                return;     
 382   2        }
 383   1        
 384   1        rdelay_acton_fun(btn_value);
 385   1      
 386   1      }
 387          
 388          static void rdelay_acton_fun(u8 action_value)
 389          {
 390   1        #ifdef UART_ENABLE
                  TX1_write2buff(action_value);
                #endif
 393   1          switch(action_value)
 394   1          {
 395   2              case 0:  // 断开所有继电器
 396   2                  DELAY1_OFF; 
 397   2                  DELAY2_OFF;  
 398   2              break;
 399   2              case 1:   //
 400   2                  DELAY1_ON; 
 401   2                  DELAY2_OFF;  
 402   2              break;
 403   2              case 2:
 404   2                  DELAY1_OFF; 
 405   2                  DELAY2_ON;  
 406   2              break;
 407   2              case 3:
 408   2                  DELAY1_ON; 
 409   2                  DELAY2_ON;  
 410   2              break;
 411   2              default:
 412   2                
C51 COMPILER V9.59.0.0   STC8G1K_CODE                                                      09/20/2022 14:16:16 PAGE 8   

 413   2              break;
 414   2          }
 415   1      }
 416          //-------------------------定时器初始化----------------------------
 417          void Timer0Init(void)   //139微秒@6.000MHz
 418          {
 419   1        AUXR &= 0x7F;   //定时器时钟12T模式
 420   1        TMOD &= 0xF0;   //设置定时器模式
 421   1        TMOD |= 0x02;   //设置定时器模式
 422   1        TL0 = 0xBA;   //设置定时初值
 423   1        TH0 = 0xBA;   //设置定时重载值
 424   1        TF0 = 0;    //清除TF0标志
 425   1        TR0 = 1;    //定时器0开始计时
 426   1        ET0 = 1;    //使能T0中断
 427   1      }
 428          void Timer1Init(void)   //125毫秒@6.000MHz
 429          {
 430   1        AUXR &= 0xBF;   //定时器时钟12T模式
 431   1        TMOD &= 0x0F;   //设置定时器模式
 432   1        TL1 = 0xDC;   //设置定时初值
 433   1        TH1 = 0x0B;   //设置定时初值
 434   1        TF1 = 0;    //清除TF1标志
 435   1        TR1 = 1;    //定时器1开始计时
 436   1        
 437   1        ET1 = 1;    //使能T1中断
 438   1      }
 439          #if 0
              //-------------------------外部中断0初始化-------------------------
              static void Int0_init(void)
              {
                IT0 = 1;  //触发方式为下降沿触发
                EX0 = 1;  //使能INT0中断
              }
              //-------------------------外部中断3初始化-------------------------
              static void Int3_init(void)
              {
                //EX0 = 1;  //使能INT0中断
                //INTCLKO = EX2; //使能 INT2 下降沿中断
                INTCLKO |= EX3; //使能 INT3 下降沿中断//触发方式为下降沿触发
                //INTCLKO |= EX4; //使能 INT4 下降沿中断
              }
              #endif
 455          //-------------------------外部中断1初始化-------------------------
 456          static void Int1_init(void)
 457          {
 458   1        IT1 = 1;  //触发方式为下降沿触发
 459   1        EX1 = 1;  //使能INT1中断
 460   1        edgeFlag = 1;
 461   1      }
 462          
 463          
 464          //-------------------------红外接收解码-------------------------
 465          static u8 IR_decode(void)
 466          {
 467   1        u8 j,k;               
 468   1        u8 IR_Value = 0; 
 469   1        k=1;              //先让变量k等于1，因为k为0时取出的将会是“引导码的时间间隔”
 470   1       
 471   1        for(j=0;j<=7;j++)       //内层循环8次为了拼合8个数据位为1个字节
 472   1        {
 473   2          if(IR_data[k]>5)      //若“时间间隔”比5大那肯定是“1码”反之为“0码”
 474   2            IR_Value|=0x80;     //通过按位或运算高位填1
C51 COMPILER V9.59.0.0   STC8G1K_CODE                                                      09/20/2022 14:16:16 PAGE 9   

 475   2          if(j<7)               //若数据没有拼合完8次
 476   2            IR_Value>>=1;       //通过右移运算“腾出”位置准备下一位判定
 477   2          k++;                  //下标变量自增
 478   2        }
 479   1        
 480   1        return IR_Value;        //返回红外接收的数据
 481   1      }
 482          
 483          #if 0
              //-------------------------外部中断0服务函数-------------------------
              void INT0_ISR() interrupt 0
              {
              
              }
              #endif
 490          void INT1_ISR() interrupt 2  //连接红外管接收脚
 491          {
 492   1        static u8 isRec=0; 
 493   1      
 494   1        if(edgeFlag) //下沿中断
 495   1        {   //高电平达到9ms为开始 位
 496   2            IT1 = 0;  //触发方式为上沿触发
 497   2            EX1 = 1;  //使能INT1中断
 498   2            edgeFlag = 0; 
 499   2            if(IR_time>60)  //判断引导码(9ms+1.12ms)（0.56ms+1.12ms）
 500   2            {
 501   3              IR_data[0]=IR_time;   //存储相应位时间宽度 
 502   3              IR_bit=1;             //位数变量自增
 503   3              isRec = 1;
 504   3            }
 505   2            IR_time =0;  //清零时间宽度计数值
 506   2        }
 507   1        else
 508   1        {   //上沿中断
 509   2          IT1 = 1;  //触发方式为下降沿触发
 510   2          EX1 = 1;  //使能INT1中断
 511   2          edgeFlag = 1;
 512   2      
 513   2          if(isRec)
 514   2          {
 515   3            IR_data[IR_bit]=IR_time;    //存储相应位时间宽度
 516   3            IR_time=0;            //清零时间宽度计数值
 517   3            IR_bit++;             //位数变量自增
 518   3            if(IR_bit==9)         //如果达到了9位（引导码+8个数据位）
 519   3            {
 520   4              IR_Flag=1;          //红外数据接收完成标志位置1
 521   4              IR_bit=0;           //位数变量清零
 522   4              isRec =0;
 523   4            }
 524   3          }
 525   2        }
 526   1      }
 527          void INT3_ISR() interrupt 11  
 528          {
 529   1        
 530   1      }
 531          void Time0_Handler_Callback(void)   interrupt TIMER0_VECTOR   //进中断时已经清除标志//任务标记
             -回调函数
 532          {
 533   1        if(IR_time < 0xf0)IR_time++;
 534   1        Touch_time++;
 535   1      }
C51 COMPILER V9.59.0.0   STC8G1K_CODE                                                      09/20/2022 14:16:16 PAGE 10  

 536          void Time1_Handler_Callback(void) interrupt TIMER1_VECTOR   //进中断时已经清除标志//任务标记
             -调函数
 537          {
 538   1        static u8 secCount=0;
 539   1        
 540   1        if(IR_data_deal_flag) //125ms   
 541   1            IR_count++;
 542   1        
 543   1        
 544   1        if(++secCount >= 8)
 545   1        {
 546   2           secCount = 0;
 547   2           secFlag=1;
 548   2           if(timeFunFlag)   //定时功能开启才计数
 549   2               time_cnt++;   //8小时定时计数器 1s累加一次 
 550   2        }
 551   1        
 552   1        
 553   1        #if 0
                count--;
                if(count == 0)
                {
                   IR_TimeFlag = 1;
                   ET1 = 1;//
                }
                #endif
 561   1        
 562   1      }
 563          //-------------------------定时器0初始化----------------------------
 564          #if 0
              static void Time0_init(void)  //139微秒@11.0592MHz
              {
                AUXR &= 0x7F; //定时器时钟12T模式，工作方式2
                TMOD &= 0xF0; 
                TMOD |= 0x02; 
                TL0 = 0x80;   
                TH0 = 0x80;   
                TF0 = 0;    //清除标志
                ET0 = 1;    //使能T0中断
                TR0 = 1;    //启动T0
              }
              //-------------------------定时器1初始化---------------------------
              
              static void Time1_init(void)  //278微秒@11.0592MHz
              { 
                  AUXR |= 0x40;//模式2 1T
                  TMOD &= 0x0F; 
              }
              #endif
 584          #if 0
              //-------------------------红外发送高电平----------------------------
              void Wait_High(a)//a*280uS 
              {
                unsigned char k;
                IR_TimeFlag = 0;
                count = a;
                T1_START();
                while(!IR_TimeFlag)  //38khz载波
                {
                  _nop_();
                  _nop_();
                  k = 23;
C51 COMPILER V9.59.0.0   STC8G1K_CODE                                                      09/20/2022 14:16:16 PAGE 11  

                  while (--k);
                  IR_IO = ~IR_IO;
                }
                IR_IO = 1;
              }
              //-------------------------红外发送低电平----------------------------
              void Wait_Low(a)//a*280uS 
              {
                IR_IO = 1;
                IR_TimeFlag = 0;
                count = a;
                T1_START();
                while(!IR_TimeFlag);
              }
              //-------------------------红外发送单字节数据----------------------------
              void Send_IR(u8 dat)
              {
                unsigned char i,j;
                Wait_High(2);//0.56ms 
                Wait_Low(4);//1.12ms  
               
                for(j=0;j<8;j++)
                {
                  Wait_High(1);//0.28ms 
                  if(dat&0x01)
                  {
                    Wait_Low(2);// 0.56ms 
                  }
                  else
                  {
                    Wait_Low(1);//0.28ms
                  }
                  dat = dat>>1;    
                }
                
                Wait_High(1);//0.28ms 
              }
              #endif
 635          
 636          


MODULE INFORMATION:   STATIC OVERLAYABLE
   CODE SIZE        =    693    ----
   CONSTANT SIZE    =   ----    ----
   XDATA SIZE       =   ----    ----
   PDATA SIZE       =   ----    ----
   DATA SIZE        =     33       2
   IDATA SIZE       =   ----    ----
   BIT SIZE         =      7    ----
   EDATA SIZE       =   ----    ----
   HDATA SIZE       =   ----    ----
   XDATA CONST SIZE =   ----    ----
   FAR CONST SIZE   =   ----    ----
END OF MODULE INFORMATION.


C51 COMPILATION COMPLETE.  0 WARNING(S),  0 ERROR(S)
