C51 COMPILER V9.59.0.0   STC8G1K_CODE                                                      02/09/2023 21:57:16 PAGE 1   


C51 COMPILER V9.59.0.0, COMPILATION OF MODULE STC8G1K_CODE
OBJECT MODULE PLACED IN .\Objects\stc8g1k_code.obj
COMPILER INVOKED BY: C:\Keil_C51\C51\BIN\C51.EXE src\stc8g1k_code.c OMF2 OPTIMIZE(8,SPEED) BROWSE INCDIR(.\src;.\Driver\
                    -inc) DEBUG PRINT(.\Listings\stc8g1k_code.lst) TABS(2) OBJECT(.\Objects\stc8g1k_code.obj)

line level    source

   1          /*******************功能描述*******************
   2          触摸功能
   3          
   4          1、第一次触摸继电器1 (PCB板最边上这个继电器)接通220V电源。
   5          
   6          2、第二次触摸继电器1 (PCB板最边上这个继电器)断开，继电器2 (PCB板中间继电器)
             -通220V电源。
   7          
   8          3、第三次触摸继电器1 、摸继电器2 都接通220V电源。
   9          
  10          4、第四次触摸又回到第一次触摸实现的功能，只有(PCB板最边上这个继电器)接通2
             -20V电源。
  11          ************************************************/
  12          
  13          #include  "stc8g1k_code.h"    
  14          #include  "STC8xxxx.h"  
  15          #include  "STC8G_H_GPIO.h"
  16          #include  "STC8G_H_ADC.h"
  17          #include  "STC8G_H_NVIC.h"
  18          #include  "string.h"
  19          #include  "global.h"
  20          
  21          #define   IR_ONOFF_BUTTON     0x1B    //红外摇控板开关键值
  22          #define   IR_LIGHT_BUTTON     0xBB    //红外摇控板加热丝档位调整键值
  23          
  24          #define   DELAY1_OFF     P37=0    
  25          #define   DELAY2_OFF     P10=0 
  26          #define   DELAY1_ON      P37=1
  27          #define   DELAY2_ON      P10=1 
  28          #define   TOUCH_PIN      P34
  29          
  30          #define   BUTTON_VALUE_MAX   4    //最大档位, 其实只有3档
  31          #define   TIMER_LENGTH_MAX   16   //这时定时8小时，步长0.5小时
  32          
  33          
  34          
  35          #ifdef    UART_ENABLE
              #include  "uart.h"
              #endif
  38          
  39          #define  IR_DATA_BUFFER_SIZE  10
  40           
  41          
  42          //数据定义
  43          bit IR_Flag=0;    //红外数据接收完成标志位
  44          u8 IR_time=0;   //下降沿之间的时间计数值
  45          u8 IR_data[9];    //引导码+8个位数据各自占用的时间
  46          
  47          //bit IR_TimeFlag;            //红外发射延时到标志
  48          //unsigned char count;        //280us
  49          
  50          u16 Touch_time;     //触摸计时器
  51          bit Touch_flag=0;     //触摸IC输出标志
  52          bit touch_preFlag=0; //上次触摸IC输出标志
C51 COMPILER V9.59.0.0   STC8G1K_CODE                                                      02/09/2023 21:57:16 PAGE 2   

  53          bit timeFunFlag;    //定时功能标志
  54          bit sysFunFlag;     //系统功能标志
  55          
  56          bit edgeFlag = 0;   //红外管接收脚边沿标识
  57          bit IR_data_deal_flag=0; //红外管接收到数据待处理标志
  58          static u8 IR_bit;   //变量IR_bit用于指示红外数据的位数
  59          static u8 btn_value=0; //红外按键键值寄存器
  60          u32 time_cnt=0;     //定时计数器 计数单位1s
  61          u8 secFlag=0;       //秒标志
  62          u8 IR_count = 0;    //红外管接收到数据后延时计数器--250ms
  63          u8 IRdata_len = 0; //红外管接收到数据长度
  64          u8 IRdata[IR_DATA_BUFFER_SIZE];
  65          
  66           
  67          //函数声明
  68          void delay(u16 count);    //延时函数声明
  69          static void Timer0Init(void);   //定时计数器0初始化函数
  70          static void Timer1Init(void);   //定时计数器1初始化函数
  71          static void Int0_init(void);    //外部中断0初始化函数
  72          static u8 IR_decode(void);      //红外解码函数
  73          static void gpio_config(void);
  74          static void IR_Data_deal(void);
  75          static void rdelay_acton_fun(u8 action_value);
  76          static  u8 touch_check(void);    //触摸检测
  77          static void touch_deal(void);    //触摸处理
  78          static u8  calculate_timer(u16 adValue);
  79          static u8  time_unit_compare(u8 delayTime);
  80          static void ADC_config(void);
  81          static void  timer_deal(void);
  82          static void Int1_init(void);
  83          
  84          //-------------------------主函数----------------------------
  85          void main(void)
  86          {
  87   1        u8 num=0;     
  88   1        #if   0
                //STC8G系列单片机除P3.0和P3.1外，所有I/O上电均为高阻输入状态，需先配置再使用
                P3M0 |=0x08;    //P3.3引脚为推挽输出模式
                P3M1 &=0xF7;    //P3.3引脚为推挽输出模式
                RSTCFG &=0xEF;    //复位引脚P5.4当做普通I/O引脚
                P5M0 |=0x10;    //P5.4引脚为推挽输出模式
                P5M1 &=0xEF;    //P5.4引脚为推挽输出模式
                P5M0 &=0xDF;    //P5.5引脚为准双向口模式
                P5M1 &=0xDF;    //P5.5引脚为准双向口模式
                #endif
  98   1        
  99   1        
 100   1        gpio_config();
 101   1        EA = 1;         //开中断
 102   1        #ifdef  ADC_TIMER_ENABLE  
                ADC_config();
                #endif
 105   1        Timer0Init();   //定时计数器0初始化函数
 106   1        Timer1Init();   //定时计数器1初始化函数
 107   1        Int1_init();    //外部中断1初始化函数  红外输出脚  //触摸IC输出脚
 108   1        //Int0_init();    //外部中断0初始化函数 
 109   1        //Int3_init();    //外部中断3初始化函数  
 110   1        
 111   1        #ifdef UART_ENABLE
                UartInit();
                PrintString1("STC8:\r\n");    //UART1发送一个字符串
                #endif  
C51 COMPILER V9.59.0.0   STC8G1K_CODE                                                      02/09/2023 21:57:16 PAGE 3   

 115   1        delay(1000);      //等待配置稳定
 116   1      
 117   1      
 118   1        while(1)
 119   1        { 
 120   2        
 121   2          if(IR_Flag)       //红外数据接收完成
 122   2          {
 123   3            IR_Flag=0; 
 124   3            IR_count =0;
 125   3            IR_data_deal_flag=1;
 126   3            IRdata[IRdata_len++] = IR_decode();
 127   3            if(IRdata_len >= IR_DATA_BUFFER_SIZE) 
 128   3                IRdata_len=0;
 129   3          }     
 130   2          else  
 131   2          {
 132   3            //250ms 后处理数据
 133   3            if(IR_count > 1 && IR_data_deal_flag) //250ms 
 134   3            {   
 135   4              IR_count = 0;
 136   4              IR_data_deal_flag=0;
 137   4              
 138   4              #ifdef UART_ENABLE
                      for(num=0;num<IRdata_len ;num++)
                        TX1_write2buff(IRdata[num]);
                      #endif
 142   4              
 143   4              IR_Data_deal();
 144   4            }
 145   3          }
 146   2           
 147   2          
 148   2          if(touch_check())  //触摸检测
 149   2          {
 150   3             sysFunFlag = 1;
 151   3          }
 152   2          touch_deal();
 153   2      #ifdef  ADC_TIMER_ENABLE  
                  if((secFlag==1) && (sysFunFlag==1))  //1秒 ADC一次
                  {
                      secFlag = 0;
                      timer_deal();
                  }
              #endif  
 160   2        }
 161   1      }
 162          static void gpio_config(void)
 163          {
 164   1        /*
 165   1          GPIO_InitTypeDef  GPIO_InitStructure;   //结构定义
 166   1      
 167   1          GPIO_InitStructure.Pin  = GPIO_Pin_0 | GPIO_Pin_1;    //指定要初始化的IO, GPIO_Pin_0 ~ GPIO_Pin_7
 168   1          GPIO_InitStructure.Mode = GPIO_PullUp;  //指定IO的输入或输出方式,GPIO_PullUp,GPIO_HighZ,GPIO_OU
             -T_OD,GPIO_OUT_PP
 169   1          GPIO_Inilize(GPIO_P3,&GPIO_InitStructure);  //初始化
 170   1        */
 171   1      
 172   1         P3_PULL_UP_ENABLE(GPIO_Pin_0 | GPIO_Pin_1);//      
 173   1         //P3_PULL_UP_ENABLE(GPIO_Pin_1);//
 174   1        
 175   1         P1_MODE_OUT_PP(GPIO_Pin_0);   //推挽输出P1.0 控制中间第二个继电器
C51 COMPILER V9.59.0.0   STC8G1K_CODE                                                      02/09/2023 21:57:16 PAGE 4   

 176   1         P3_MODE_OUT_PP(GPIO_Pin_6 |GPIO_Pin_7);   //推挽输出P3.7 控制边上第一个继电器  //推挽输
             -出P3.6 红外管触摸IC 小板电源控制
 177   1        
 178   1         //P3_MODE_OUT_PP(GPIO_Pin_6);   //推挽输出P3.6 红外管触摸IC 小板电源控制
 179   1         P3_MODE_IN_HIZ(GPIO_Pin_3 | GPIO_Pin_4);   //施密特触发使能P3.3 连接触摸IC输出脚
 180   1         //P3_MODE_IN_HIZ(GPIO_Pin_4);   //施密特触发使能P3.4 连接红外管接收脚
 181   1        
 182   1         DELAY1_OFF;   
 183   1         DELAY2_OFF; 
 184   1         P36 = 0; 
 185   1      }
 186          
 187          /*************触摸功能*********************/
 188          static  u8 touch_check(void)
 189          {   //触摸输出检测   无触摸时高电平，有触摸时低电平时长大于300ms
 190   1          if(TOUCH_PIN == 0)
 191   1          {
 192   2               if(Touch_flag) 
 193   2                 Touch_time = 0;
 194   2               else if(Touch_time > 500)  //139微秒 *500 = 69.5ms
 195   2               {
 196   3                    Touch_time = 0;
 197   3                    Touch_flag = 1; 
 198   3                    
 199   3                    return 1;
 200   3               } 
 201   2          }
 202   1          else 
 203   1          {
 204   2              if(Touch_flag)
 205   2              {
 206   3                  if(Touch_time > 2000)  //139微秒 *2000 = 279.5ms
 207   3                  {
 208   4                     Touch_time=0;
 209   4                     Touch_flag = 0;
 210   4                    
 211   4                  }
 212   3              }
 213   2              else Touch_time=0;
 214   2                  
 215   2          }
 216   1          return 0;
 217   1      }
 218          
 219          static void touch_deal(void)
 220          {
 221   1         if(Touch_flag)
 222   1         {
 223   2            if(!touch_preFlag)
 224   2            {
 225   3                touch_preFlag = 1;
 226   3                btn_value++;
 227   3                
 228   3                if(btn_value >= BUTTON_VALUE_MAX)
 229   3                    btn_value = 1;        
 230   3                rdelay_acton_fun(btn_value);  
 231   3            }
 232   2         }
 233   1         else 
 234   1         {
 235   2            touch_preFlag = 0;  
 236   2         }
C51 COMPILER V9.59.0.0   STC8G1K_CODE                                                      02/09/2023 21:57:16 PAGE 5   

 237   1      }
 238          
 239          //-------------------------延时函数----------------------------
 240          void delay(u16 count)
 241          {
 242   1        while(count--)
 243   1        {
 244   2          _nop_();
 245   2        }
 246   1      }
 247          #ifdef  ADC_TIMER_ENABLE  
              //-------------------------继电器定时关闭-----------------------
              static void  timer_deal(void)
              {
                  u16  ad_dat;
                  static u16  ad_pre=0xffff;
                  static u8  delay_time=0;
                
                  ad_dat = Get_ADCResult(ADC_CH13);  //读取ADC定时值
                
                  if(ad_dat == 4096)  return;   //出错
                  
                  if(ad_dat > 1024 / TIMER_LENGTH_MAX / 2)//定时功能开启
                  {     
                      if(ad_pre > ad_dat+15 || ad_pre < ad_dat-15)
                      {
                        ad_pre = ad_dat;
                        timeFunFlag = 1;  //定时功能开启
                        time_cnt = 0;   //定时计数器清零
                        
                        delay_time = calculate_timer(ad_dat); //计算出定时时长
                        
                      }
                  }
                  else
                      timeFunFlag = 0;   //定时功能关闭
                  
                  if(timeFunFlag)
                  { 
                    if(time_unit_compare(delay_time))  
                    {                     //定时时间到了
                        btn_value=0;
                        rdelay_acton_fun(0);
                        timeFunFlag = 0;  //定时功能关闭
                        sysFunFlag = 0;
                    
                    } 
                  }       
                      
              }
              static u8  time_unit_compare(u8 delayTime)
              {
                  u32 delay_T;
                
                  delay_T = delayTime*30*60;   //delayTime单位为半个小时 这里转化为秒
                   
                  if(time_cnt > delay_T)
                  {
                      time_cnt = 0; //定时计数清零
                      return 1;
                  }
                  return 0;
C51 COMPILER V9.59.0.0   STC8G1K_CODE                                                      02/09/2023 21:57:16 PAGE 6   

              }
              static u8  calculate_timer(u16 adValue)
              { 
                u8  timing_time=0;  //定时时长 单位1表小0.5小时
                u16 step_length = 1024 / TIMER_LENGTH_MAX; //这里计算定时步长对应的数值,当ADC值是低半
             -关闭定时功能,最高半步值时定时时长8个小时
                u16  half_length =  step_length/2;
                if(adValue < half_length)   //ADC数值小于32关闭定时
                     timing_time = 0;
                else if(adValue > 1024- half_length) //ADC数值大于1024-32=992定时8小时
                     timing_time = 16; //8 小时
                else
                  {    // 计算定时时长步长为0.5小时  每一步长对应ADC数值64
                    timing_time = adValue/step_length; 
                    //ADC数值<=32 故timing_time=0 定时长为0小时，
                    //32<ADC数值<=96 故timing_time=1 定时长为半小时，96<ADC数值<160 故timing_time=2 定时长
             -为1小时 .160<ADC数值<224 故timing_time=3 定时长为1.5小时 
                    //224<ADC数值<=288 故timing_time=4 定时长为2小时,288<ADC数值<352 故timing_time=5 定时长
             -2.5小时,352<ADC数值<416 故timing_time=6 定时长为3小时 
                    //416<ADC数值<=480 故timing_time=7 定时长为3.5小时480<ADC数值<544 故timing_time=8 定时长
             -为4小时 544<ADC数值<608 故timing_time=9 定时长为4.5小时 
                    //608<ADC数值<=672 故timing_time=10 定时长为5小时,672<ADC数值<736 故timing_time=11 定时
             -为5.5小时,736<ADC数值<800 故timing_time=12 定时长为6小时
                    //800<ADC数值<=864 故timing_time=13 定时长为6.5小时，864<ADC数值<928 故timing_time=14 
             -时长为7小时928<ADC数值<992 故timing_time=15 定时长为7.5小时 
                    //992<ADC数值<=1024 故timing_time=16 定时长为8小时.      
                    if(adValue % step_length  > half_length)
                         timing_time++;
                
                }
                  return timing_time;
              }
              //========================================================================
              static void ADC_config(void)
              {
                
                ADC_InitTypeDef   ADC_InitStructure;    //结构定义
                ADC_InitStructure.ADC_SMPduty   = 31;   //ADC 模拟信号采样时间控制, 0~31（注意： SMPDUTY 一
             -定不能设置小于 10）
                ADC_InitStructure.ADC_CsSetup   = 0;    //ADC 通道选择时间控制 0(默认),1
                ADC_InitStructure.ADC_CsHold    = 1;    //ADC 通道选择保持时间控制 0,1(默认),2,3
                ADC_InitStructure.ADC_Speed     = ADC_SPEED_2X1T;   //设置 ADC 工作时钟频率 ADC_SPEED_2X1T~ADC_SPE
             -ED_2X16T
                ADC_InitStructure.ADC_AdjResult = ADC_RIGHT_JUSTIFIED;  //ADC结果调整,  ADC_LEFT_JUSTIFIED,ADC_RIGHT_JU
             -STIFIED
                ADC_Inilize(&ADC_InitStructure);    //初始化
                ADC_PowerControl(ENABLE);           //ADC电源开关, ENABLE或DISABLE
                //NVIC_ADC_Init(DISABLE,Polity_0);    //中断使能, ENABLE/DISABLE; 优先级(低到高) Polity_0,Polity_
             -1,Polity_2,Polity_3
                
              }
              #endif  
 341          //-------------------红外接收数据处理-------------------------------
 342          static void IR_Data_deal(void)
 343          {
 344   1        u8 dat,i,light=0,onoff=0;
 345   1      
 346   1        for(i=0;i<IRdata_len;i++) 
 347   1        {
 348   2            if(IRdata[i]==IR_LIGHT_BUTTON)
 349   2               light++;
 350   2            else  if(IRdata[i]==IR_ONOFF_BUTTON)
C51 COMPILER V9.59.0.0   STC8G1K_CODE                                                      02/09/2023 21:57:16 PAGE 7   

 351   2               onoff++;
 352   2        }
 353   1        if(IRdata_len == 0)
 354   1           return;
 355   1        if(light > IRdata_len/2 && light > onoff)
 356   1           dat = IR_LIGHT_BUTTON;
 357   1        else if(onoff > IRdata_len/2 && light < onoff)
 358   1           dat = IR_ONOFF_BUTTON;
 359   1        
 360   1        memset(IRdata,0,IR_DATA_BUFFER_SIZE);
 361   1        IRdata_len = 0;
 362   1        
 363   1        switch(dat)//红外接收正确
 364   1        {
 365   2          case  IR_LIGHT_BUTTON:   //灯档位调节键
 366   2              if(sysFunFlag==1)
 367   2              {
 368   3                 btn_value++;
 369   3                 if(btn_value >= BUTTON_VALUE_MAX)
 370   3                   btn_value = 1;
 371   3              }
 372   2          break;
 373   2          case  IR_ONOFF_BUTTON:  //电源开关键
 374   2               if(sysFunFlag==1)
 375   2               {
 376   3                   sysFunFlag = 0;
 377   3                   btn_value = 0;
 378   3               }
 379   2               else
 380   2               {
 381   3                   sysFunFlag = 1;
 382   3                   btn_value = 1;
 383   3               }
 384   2               time_cnt=0;    //电源键动作则清零定时计数器        
 385   2          break;  
 386   2          default:
 387   2                return;     
 388   2        }
 389   1        
 390   1        rdelay_acton_fun(btn_value);
 391   1      
 392   1      }
 393          
 394          static void rdelay_acton_fun(u8 action_value)
 395          {
 396   1        #ifdef UART_ENABLE
                  TX1_write2buff(action_value);
                #endif
 399   1          switch(action_value)
 400   1          {
 401   2              case 0:  // 断开所有继电器
 402   2                  DELAY1_OFF; 
 403   2                  DELAY2_OFF;  
 404   2              break;
 405   2              case 1:   //
 406   2                  DELAY1_ON; 
 407   2                  DELAY2_OFF;  
 408   2              break;
 409   2              case 2:
 410   2                  DELAY1_OFF; 
 411   2                  DELAY2_ON;  
 412   2              break;
C51 COMPILER V9.59.0.0   STC8G1K_CODE                                                      02/09/2023 21:57:16 PAGE 8   

 413   2              case 3:
 414   2                  DELAY1_ON; 
 415   2                  DELAY2_ON;  
 416   2              break;
 417   2              default:
 418   2                
 419   2              break;
 420   2          }
 421   1      }
 422          //-------------------------定时器初始化----------------------------
 423          void Timer0Init(void)   //139微秒@6.000MHz
 424          {
 425   1        AUXR &= 0x7F;   //定时器时钟12T模式
 426   1        TMOD &= 0xF0;   //设置定时器模式
 427   1        TMOD |= 0x02;   //设置定时器模式
 428   1        TL0 = 0xBA;   //设置定时初值
 429   1        TH0 = 0xBA;   //设置定时重载值
 430   1        TF0 = 0;    //清除TF0标志
 431   1        TR0 = 1;    //定时器0开始计时
 432   1        ET0 = 1;    //使能T0中断
 433   1      }
 434          void Timer1Init(void)   //125毫秒@6.000MHz
 435          {
 436   1        AUXR &= 0xBF;   //定时器时钟12T模式
 437   1        TMOD &= 0x0F;   //设置定时器模式
 438   1        TL1 = 0xDC;   //设置定时初值
 439   1        TH1 = 0x0B;   //设置定时初值
 440   1        TF1 = 0;    //清除TF1标志
 441   1        TR1 = 1;    //定时器1开始计时
 442   1        
 443   1        ET1 = 1;    //使能T1中断
 444   1      }
 445          #if 0
              //-------------------------外部中断0初始化-------------------------
              static void Int0_init(void)
              {
                IT0 = 1;  //触发方式为下降沿触发
                EX0 = 1;  //使能INT0中断
              }
              //-------------------------外部中断3初始化-------------------------
              static void Int3_init(void)
              {
                //EX0 = 1;  //使能INT0中断
                //INTCLKO = EX2; //使能 INT2 下降沿中断
                INTCLKO |= EX3; //使能 INT3 下降沿中断//触发方式为下降沿触发
                //INTCLKO |= EX4; //使能 INT4 下降沿中断
              }
              #endif
 461          //-------------------------外部中断1初始化-------------------------
 462          static void Int1_init(void)
 463          {
 464   1        IT1 = 1;  //触发方式为下降沿触发
 465   1        EX1 = 1;  //使能INT1中断
 466   1        edgeFlag = 1;
 467   1      }
 468          
 469          
 470          //-------------------------红外接收解码-------------------------
 471          static u8 IR_decode(void)
 472          {
 473   1        u8 j,k;               
 474   1        u8 IR_Value = 0; 
C51 COMPILER V9.59.0.0   STC8G1K_CODE                                                      02/09/2023 21:57:16 PAGE 9   

 475   1        k=1;              //先让变量k等于1，因为k为0时取出的将会是“引导码的时间间隔”
 476   1       
 477   1        for(j=0;j<=7;j++)       //内层循环8次为了拼合8个数据位为1个字节
 478   1        {
 479   2          if(IR_data[k]>5)      //若“时间间隔”比5大那肯定是“1码”反之为“0码”
 480   2            IR_Value|=0x80;     //通过按位或运算高位填1
 481   2          if(j<7)               //若数据没有拼合完8次
 482   2            IR_Value>>=1;       //通过右移运算“腾出”位置准备下一位判定
 483   2          k++;                  //下标变量自增
 484   2        }
 485   1        
 486   1        return IR_Value;        //返回红外接收的数据
 487   1      }
 488          
 489          #if 0
              //-------------------------外部中断0服务函数-------------------------
              void INT0_ISR() interrupt 0
              {
              
              }
              #endif
 496          void INT1_ISR() interrupt 2  //连接红外管接收脚
 497          {
 498   1        static u8 isRec=0; 
 499   1      
 500   1        if(edgeFlag) //下沿中断
 501   1        {   //高电平达到9ms为开始 位
 502   2            IT1 = 0;  //触发方式为上沿触发
 503   2            EX1 = 1;  //使能INT1中断
 504   2            edgeFlag = 0; 
 505   2            if(IR_time>60)  //判断引导码(9ms+1.12ms)（0.56ms+1.12ms）
 506   2            {
 507   3              IR_data[0]=IR_time;   //存储相应位时间宽度 
 508   3              IR_bit=1;             //位数变量自增
 509   3              isRec = 1;
 510   3            }
 511   2            IR_time =0;  //清零时间宽度计数值
 512   2        }
 513   1        else
 514   1        {   //上沿中断
 515   2          IT1 = 1;  //触发方式为下降沿触发
 516   2          EX1 = 1;  //使能INT1中断
 517   2          edgeFlag = 1;
 518   2      
 519   2          if(isRec)
 520   2          {
 521   3            IR_data[IR_bit]=IR_time;    //存储相应位时间宽度
 522   3            IR_time=0;            //清零时间宽度计数值
 523   3            IR_bit++;             //位数变量自增
 524   3            if(IR_bit==9)         //如果达到了9位（引导码+8个数据位）
 525   3            {
 526   4              IR_Flag=1;          //红外数据接收完成标志位置1
 527   4              IR_bit=0;           //位数变量清零
 528   4              isRec =0;
 529   4            }
 530   3          }
 531   2        }
 532   1      }
 533          void INT3_ISR() interrupt 11  
 534          {
 535   1        
 536   1      }
C51 COMPILER V9.59.0.0   STC8G1K_CODE                                                      02/09/2023 21:57:16 PAGE 10  

 537          void Time0_Handler_Callback(void)   interrupt TIMER0_VECTOR   //进中断时已经清除标志//任务标记
             -回调函数
 538          {
 539   1        if(IR_time < 0xf0)IR_time++;
 540   1        Touch_time++;
 541   1      }
 542          void Time1_Handler_Callback(void) interrupt TIMER1_VECTOR   //进中断时已经清除标志//任务标记
             -调函数
 543          {
 544   1        static u8 secCount=0;
 545   1        
 546   1        if(IR_data_deal_flag) //125ms   
 547   1            IR_count++;
 548   1        
 549   1        
 550   1        if(++secCount >= 8)
 551   1        {
 552   2           secCount = 0;
 553   2           secFlag=1;
 554   2           if(timeFunFlag)   //定时功能开启才计数
 555   2               time_cnt++;   //8小时定时计数器 1s累加一次 
 556   2        }
 557   1        
 558   1        
 559   1        #if 0
                count--;
                if(count == 0)
                {
                   IR_TimeFlag = 1;
                   ET1 = 1;//
                }
                #endif
 567   1        
 568   1      }
 569          //-------------------------定时器0初始化----------------------------
 570          #if 0
              static void Time0_init(void)  //139微秒@11.0592MHz
              {
                AUXR &= 0x7F; //定时器时钟12T模式，工作方式2
                TMOD &= 0xF0; 
                TMOD |= 0x02; 
                TL0 = 0x80;   
                TH0 = 0x80;   
                TF0 = 0;    //清除标志
                ET0 = 1;    //使能T0中断
                TR0 = 1;    //启动T0
              }
              //-------------------------定时器1初始化---------------------------
              
              static void Time1_init(void)  //278微秒@11.0592MHz
              { 
                  AUXR |= 0x40;//模式2 1T
                  TMOD &= 0x0F; 
              }
              #endif
 590          #if 0
              //-------------------------红外发送高电平----------------------------
              void Wait_High(a)//a*280uS 
              {
                unsigned char k;
                IR_TimeFlag = 0;
                count = a;
C51 COMPILER V9.59.0.0   STC8G1K_CODE                                                      02/09/2023 21:57:16 PAGE 11  

                T1_START();
                while(!IR_TimeFlag)  //38khz载波
                {
                  _nop_();
                  _nop_();
                  k = 23;
                  while (--k);
                  IR_IO = ~IR_IO;
                }
                IR_IO = 1;
              }
              //-------------------------红外发送低电平----------------------------
              void Wait_Low(a)//a*280uS 
              {
                IR_IO = 1;
                IR_TimeFlag = 0;
                count = a;
                T1_START();
                while(!IR_TimeFlag);
              }
              //-------------------------红外发送单字节数据----------------------------
              void Send_IR(u8 dat)
              {
                unsigned char i,j;
                Wait_High(2);//0.56ms 
                Wait_Low(4);//1.12ms  
               
                for(j=0;j<8;j++)
                {
                  Wait_High(1);//0.28ms 
                  if(dat&0x01)
                  {
                    Wait_Low(2);// 0.56ms 
                  }
                  else
                  {
                    Wait_Low(1);//0.28ms
                  }
                  dat = dat>>1;    
                }
                
                Wait_High(1);//0.28ms 
              }
              #endif
 641          
 642          


MODULE INFORMATION:   STATIC OVERLAYABLE
   CODE SIZE        =    707    ----
   CONSTANT SIZE    =   ----    ----
   XDATA SIZE       =   ----    ----
   PDATA SIZE       =   ----    ----
   DATA SIZE        =     33       2
   IDATA SIZE       =   ----    ----
   BIT SIZE         =      7    ----
   EDATA SIZE       =   ----    ----
   HDATA SIZE       =   ----    ----
   XDATA CONST SIZE =   ----    ----
   FAR CONST SIZE   =   ----    ----
END OF MODULE INFORMATION.


C51 COMPILATION COMPLETE.  0 WARNING(S),  0 ERROR(S)
