C51 COMPILER V9.59.0.0   STC8G_H_TIMER_ISR                                                 09/20/2022 13:15:30 PAGE 1   


C51 COMPILER V9.59.0.0, COMPILATION OF MODULE STC8G_H_TIMER_ISR
OBJECT MODULE PLACED IN .\Objects\STC8G_H_Timer_Isr.obj
COMPILER INVOKED BY: C:\Keil_C51_v5\C51\BIN\C51.EXE Driver\isr\STC8G_H_Timer_Isr.c OMF2 OPTIMIZE(8,SPEED) BROWSE INCDIR(
                    -.\src;.\Driver\inc) DEBUG PRINT(.\Listings\STC8G_H_Timer_Isr.lst) TABS(2) OBJECT(.\Objects\STC8G_H_Timer_Isr.obj)

line level    source

   1          /*---------------------------------------------------------------------*/
   2          /* --- STC MCU Limited ------------------------------------------------*/
   3          /* --- STC 1T Series MCU Demo Programme -------------------------------*/
   4          /* --- Mobile: (86)13922805190 ----------------------------------------*/
   5          /* --- Fax: 86-0513-55012956,55012947,55012969 ------------------------*/
   6          /* --- Tel: 86-0513-55012928,55012929,55012966 ------------------------*/
   7          /* --- Web: www.STCMCU.com --------------------------------------------*/
   8          /* --- Web: www.STCMCUDATA.com  ---------------------------------------*/
   9          /* --- QQ:  800003751 -------------------------------------------------*/
  10          /* 如果要在程序中使用此代码,请在程序中注明使用了STC的资料及程序            */
  11          /*---------------------------------------------------------------------*/
  12          
  13          #include  "STC8G_H_Timer.h"
  14          #include  "stc8g1k_code.h"
  15          
  16          //========================================================================
  17          // 函数: Timer0_ISR_Handler
  18          // 描述: Timer0中断函数.
  19          // 参数: none.
  20          // 返回: none.
  21          // 版本: V1.0, 2020-09-23
  22          //========================================================================
  23          void Timer0_ISR_Handler (void) interrupt TIMER0_VECTOR    //进中断时已经清除标志
  24          {
  25   1         Time0_Handler_Callback();  //任务标记回调函数
  26   1      }
  27          
  28          //========================================================================
  29          // 函数: Timer1_ISR_Handler
  30          // 描述: Timer1中断函数.
  31          // 参数: none.
  32          // 返回: none.
  33          // 版本: V1.0, 2020-09-23
  34          //========================================================================
  35          void Timer1_ISR_Handler (void) interrupt TIMER1_VECTOR    //进中断时已经清除标志
  36          {
  37   1        // TODO: 在此处添加用户代码
  38   1         Time1_Handler_Callback();  //任务标记回调函数
  39   1        //Task_Marks_Handler_Callback();  //任务标记回调函数
  40   1      }
  41          
  42          //========================================================================
  43          // 函数: Timer2_ISR_Handler
  44          // 描述: Timer2中断函数.
  45          // 参数: none.
  46          // 返回: none.
  47          // 版本: V1.0, 2020-09-23
  48          //========================================================================
  49          void Timer2_ISR_Handler (void) interrupt TIMER2_VECTOR    //进中断时已经清除标志
  50          {
  51   1        // TODO: 在此处添加用户代码
  52   1        //P65 = ~P65;
  53   1      }
  54          #if 0
C51 COMPILER V9.59.0.0   STC8G_H_TIMER_ISR                                                 09/20/2022 13:15:30 PAGE 2   

              //========================================================================
              // 函数: Timer3_ISR_Handler
              // 描述: Timer3中断函数.
              // 参数: none.
              // 返回: none.
              // 版本: V1.0, 2020-09-23
              //========================================================================
              void Timer3_ISR_Handler (void) interrupt TIMER3_VECTOR    //进中断时已经清除标志
              {
                // TODO: 在此处添加用户代码
                //P64 = ~P64;
              }
              
              //========================================================================
              // 函数: Timer4_ISR_Handler
              // 描述: Timer4中断函数.
              // 参数: none.
              // 返回: none.
              // 版本: V1.0, 2020-09-23
              //========================================================================
              void Timer4_ISR_Handler (void) interrupt TIMER4_VECTOR    //进中断时已经清除标志
              {
                // TODO: 在此处添加用户代码
                //P63 = ~P63;
              }
              #endif


MODULE INFORMATION:   STATIC OVERLAYABLE
   CODE SIZE        =    128    ----
   CONSTANT SIZE    =   ----    ----
   XDATA SIZE       =   ----    ----
   PDATA SIZE       =   ----    ----
   DATA SIZE        =   ----    ----
   IDATA SIZE       =   ----    ----
   BIT SIZE         =   ----    ----
   EDATA SIZE       =   ----    ----
   HDATA SIZE       =   ----    ----
   XDATA CONST SIZE =   ----    ----
   FAR CONST SIZE   =   ----    ----
END OF MODULE INFORMATION.


C51 COMPILATION COMPLETE.  0 WARNING(S),  0 ERROR(S)
